Symlinking /home/s123/SLAM_run/catkin_rangenet/devel/./local_setup.bash
Symlinking /home/s123/SLAM_run/catkin_rangenet/devel/./setup.sh
Symlinking /home/s123/SLAM_run/catkin_rangenet/devel/./setup.fish
Symlinking /home/s123/SLAM_run/catkin_rangenet/devel/./setup.bash
Symlinking /home/s123/SLAM_run/catkin_rangenet/devel/./local_setup.zsh
Symlinking /home/s123/SLAM_run/catkin_rangenet/devel/./setup.zsh
Symlinking /home/s123/SLAM_run/catkin_rangenet/devel/./env.sh
Symlinking /home/s123/SLAM_run/catkin_rangenet/devel/./local_setup.sh
Symlinking /home/s123/SLAM_run/catkin_rangenet/devel/./local_setup.fish
Symlinking /home/s123/SLAM_run/catkin_rangenet/devel/./_setup_util.py
Symlinking /home/s123/SLAM_run/catkin_rangenet/devel/lib/pkgconfig/catkin.pc
Symlinking /home/s123/SLAM_run/catkin_rangenet/devel/lib/python3/dist-packages/catkin/__init__.py
Symlinking /home/s123/SLAM_run/catkin_rangenet/devel/bin/catkin_topological_order
Symlinking /home/s123/SLAM_run/catkin_rangenet/devel/bin/catkin_test_results
Symlinking /home/s123/SLAM_run/catkin_rangenet/devel/bin/catkin_make_isolated
Symlinking /home/s123/SLAM_run/catkin_rangenet/devel/bin/catkin_find
Symlinking /home/s123/SLAM_run/catkin_rangenet/devel/bin/catkin_make
Symlinking /home/s123/SLAM_run/catkin_rangenet/devel/bin/catkin_init_workspace
Symlinking /home/s123/SLAM_run/catkin_rangenet/devel/share/catkin/cmake/catkinConfig.cmake
Symlinking /home/s123/SLAM_run/catkin_rangenet/devel/share/catkin/cmake/catkinConfig-version.cmake
Symlinking /home/s123/SLAM_run/catkin_rangenet/devel/etc/catkin/profile.d/05.catkin_make.bash
Symlinking /home/s123/SLAM_run/catkin_rangenet/devel/etc/catkin/profile.d/05.catkin_make_isolated.bash
