Not searching for unused variables given on the command line.
[36m--[0m The C compiler identification is GNU 9.4.0
[36m--[0m The CXX compiler identification is GNU 9.4.0
[36m--[0m Check for working C compiler: /usr/bin/cc
[36m--[0m Check for working C compiler: /usr/bin/cc -- works
[36m--[0m Detecting C compiler ABI info
[36m--[0m Detecting C compiler ABI info - done
[36m--[0m Detecting C compile features
[36m--[0m Detecting C compile features - done
[36m--[0m Check for working CXX compiler: /usr/bin/c++
[36m--[0m Check for working CXX compiler: /usr/bin/c++ -- works
[36m--[0m Detecting CXX compiler ABI info
[36m--[0m Detecting CXX compiler ABI info - done
[36m--[0m Detecting CXX compile features
[36m--[0m Detecting CXX compile features - done
Build type: Release
[36m--[0m Using CATKIN_DEVEL_PREFIX: /home/s123/SLAM_run/catkin_rangenet/devel/.private/rangenet_lib
[36m--[0m Using CMAKE_PREFIX_PATH: /home/s123/SLAM_run/catkin_rangenet/devel
[36m--[0m This workspace overlays: /home/s123/SLAM_run/catkin_rangenet/devel
[36m--[0m Found PythonInterp: /usr/bin/python3 (found suitable version "3.8.10", minimum required is "3")
[36m--[0m Using PYTHON_EXECUTABLE: /usr/bin/python3
[36m--[0m Using Debian Python package layout
[36m--[0m Found PY_em: /usr/lib/python3/dist-packages/em.py
[36m--[0m Using empy: /usr/lib/python3/dist-packages/em.py
[36m--[0m Using CATKIN_ENABLE_TESTING: ON
[36m--[0m Call enable_testing()
[36m--[0m Using CATKIN_TEST_RESULTS_DIR: /home/s123/SLAM_run/catkin_rangenet/build/rangenet_lib/test_results
[36m--[0m Forcing gtest/gmock from source, though one was otherwise available.
[36m--[0m Found gtest sources under '/usr/src/googletest': gtests will be built
[36m--[0m Found gmock sources under '/usr/src/googletest': gmock will be built
[36m--[0m Found PythonInterp: /usr/bin/python3 (found version "3.8.10")
[36m--[0m Found Threads: TRUE
[36m--[0m Using Python nosetests: /usr/bin/nosetests3
[36m--[0m catkin 0.8.10
[36m--[0m BUILD_SHARED_LIBS is on
YAML Libs: yaml-cpp
YAML Headers: /usr/lib/x86_64-linux-gnu/cmake/yaml-cpp/../../../../../include
[36m--[0m Found Boost: /usr/lib/x86_64-linux-gnu/cmake/Boost-1.71.0/BoostConfig.cmake (found version "1.71.0") found components: program_options filesystem
Boost Libs: Boost::program_options;Boost::filesystem
Boost Headers: /usr/include

[36m--[0m Found CUDA: /usr/local/cuda (found version "11.3")
TensorRT available!
CUDA Libs: /usr/local/cuda/lib64/libcudart_static.a;-lpthread;dl;/usr/lib/x86_64-linux-gnu/librt.so
CUDA Headers: /usr/local/cuda/include
NVINFER: /usr/lib/libnvinfer.so
NVINFERPLUGIN: /usr/lib/libnvinfer_plugin.so
NVPARSERS: /usr/lib/libnvparsers.so
NVONNXPARSER: /usr/lib/libnvonnxparser.so
NVONNXPARSERRUNTIME:
All togheter now (libs): /usr/local/cuda/lib64/libcudart_static.a;-lpthread;dl;/usr/lib/x86_64-linux-gnu/librt.so;nvinfer;nvinfer_plugin;nvparsers;nvonnxparser
All togheter now (inc): /usr/local/cuda/include
TensorRT SUCCESS!

Building TensorRT
[36m--[0m Found OpenCV: /usr (found version "4.2.0") found components: core viz
Building example...
OpenCV Libs: opencv_core;opencv_viz
OpenCV Headers: /usr/include/opencv4

[36m--[0m Configuring done
[36m--[0m Generating done
[36m--[0m Build files have been written to: /home/s123/SLAM_run/catkin_rangenet/build/rangenet_lib
